The system is: Linux - 2.6.32-754.23.1.el6.x86_64 - x86_64
Compiling the C compiler identification source file "CMakeCCompilerId.c" succeeded.
Compiler: /opt/gcc-4.8.5/bin/gcc 
Build flags: 
Id flags: 

The output was:
0


Compilation of the C compiler identification source "CMakeCCompilerId.c" produced "a.out"

The C compiler identification is GNU, found in "/home/had/zhangce/stopping/build/CMakeFiles/2.8.12.2/CompilerIdC/a.out"

Compiling the CXX compiler identification source file "CMakeCXXCompilerId.cpp" succeeded.
Compiler: /opt/gcc-4.8.5/bin/g++ 
Build flags: 
Id flags: 

The output was:
0


Compilation of the CXX compiler identification source "CMakeCXXCompilerId.cpp" produced "a.out"

The CXX compiler identification is GNU, found in "/home/had/zhangce/stopping/build/CMakeFiles/2.8.12.2/CompilerIdCXX/a.out"

Determining if the C compiler works passed with the following output:
Change Dir: /home/had/zhangce/stopping/build/CMakeFiles/CMakeTmp

Run Build Command:/usr/bin/gmake "cmTryCompileExec3821766237/fast"
/usr/bin/gmake -f CMakeFiles/cmTryCompileExec3821766237.dir/build.make CMakeFiles/cmTryCompileExec3821766237.dir/build
gmake[1]: Entering directory `/gpfs/home/had/zhangce/1S2SMuSim/SimBeamStop/build/CMakeFiles/CMakeTmp'
/usr/bin/cmake -E cmake_progress_report /home/had/zhangce/stopping/build/CMakeFiles/CMakeTmp/CMakeFiles 1
Building C object CMakeFiles/cmTryCompileExec3821766237.dir/testCCompiler.c.o
/opt/gcc-4.8.5/bin/gcc    -o CMakeFiles/cmTryCompileExec3821766237.dir/testCCompiler.c.o   -c /home/had/zhangce/stopping/build/CMakeFiles/CMakeTmp/testCCompiler.c
Linking C executable cmTryCompileExec3821766237
/usr/bin/cmake -E cmake_link_script CMakeFiles/cmTryCompileExec3821766237.dir/link.txt --verbose=1
/opt/gcc-4.8.5/bin/gcc       CMakeFiles/cmTryCompileExec3821766237.dir/testCCompiler.c.o  -o cmTryCompileExec3821766237 -rdynamic 
gmake[1]: Leaving directory `/gpfs/home/had/zhangce/1S2SMuSim/SimBeamStop/build/CMakeFiles/CMakeTmp'


Detecting C compiler ABI info compiled with the following output:
Change Dir: /home/had/zhangce/stopping/build/CMakeFiles/CMakeTmp

Run Build Command:/usr/bin/gmake "cmTryCompileExec2773872787/fast"
/usr/bin/gmake -f CMakeFiles/cmTryCompileExec2773872787.dir/build.make CMakeFiles/cmTryCompileExec2773872787.dir/build
gmake[1]: Entering directory `/gpfs/home/had/zhangce/1S2SMuSim/SimBeamStop/build/CMakeFiles/CMakeTmp'
/usr/bin/cmake -E cmake_progress_report /home/had/zhangce/stopping/build/CMakeFiles/CMakeTmp/CMakeFiles 1
Building C object CMakeFiles/cmTryCompileExec2773872787.dir/CMakeCCompilerABI.c.o
/opt/gcc-4.8.5/bin/gcc    -o CMakeFiles/cmTryCompileExec2773872787.dir/CMakeCCompilerABI.c.o   -c /usr/share/cmake/Modules/CMakeCCompilerABI.c
Linking C executable cmTryCompileExec2773872787
/usr/bin/cmake -E cmake_link_script CMakeFiles/cmTryCompileExec2773872787.dir/link.txt --verbose=1
/opt/gcc-4.8.5/bin/gcc     -v CMakeFiles/cmTryCompileExec2773872787.dir/CMakeCCompilerABI.c.o  -o cmTryCompileExec2773872787 -rdynamic  
Using built-in specs.
COLLECT_GCC=/opt/gcc-4.8.5/bin/gcc
COLLECT_LTO_WRAPPER=/opt/gcc-4.8.5/libexec/gcc/x86_64-unknown-linux-gnu/4.8.5/lto-wrapper
Target: x86_64-unknown-linux-gnu
Configured with: ../configure --prefix=/opt/gcc-4.8.5 --disable-multilib
Thread model: posix
gcc version 4.8.5 (GCC) 
COMPILER_PATH=/opt/gcc-4.8.5/libexec/gcc/x86_64-unknown-linux-gnu/4.8.5/:/opt/gcc-4.8.5/libexec/gcc/x86_64-unknown-linux-gnu/4.8.5/:/opt/gcc-4.8.5/libexec/gcc/x86_64-unknown-linux-gnu/:/opt/gcc-4.8.5/lib/gcc/x86_64-unknown-linux-gnu/4.8.5/:/opt/gcc-4.8.5/lib/gcc/x86_64-unknown-linux-gnu/
LIBRARY_PATH=/opt/gcc-4.8.5/lib/gcc/x86_64-unknown-linux-gnu/4.8.5/:/opt/gcc-4.8.5/lib/gcc/x86_64-unknown-linux-gnu/4.8.5/../../../../lib64/:/lib/../lib64/:/usr/lib/../lib64/:/opt/gcc-4.8.5/lib/gcc/x86_64-unknown-linux-gnu/4.8.5/../../../:/lib/:/usr/lib/
COLLECT_GCC_OPTIONS='-v' '-o' 'cmTryCompileExec2773872787' '-rdynamic' '-mtune=generic' '-march=x86-64'
 /opt/gcc-4.8.5/libexec/gcc/x86_64-unknown-linux-gnu/4.8.5/collect2 --eh-frame-hdr -m elf_x86_64 -export-dynamic -dynamic-linker /lib64/ld-linux-x86-64.so.2 -o cmTryCompileExec2773872787 /usr/lib/../lib64/crt1.o /usr/lib/../lib64/crti.o /opt/gcc-4.8.5/lib/gcc/x86_64-unknown-linux-gnu/4.8.5/crtbegin.o -L/opt/gcc-4.8.5/lib/gcc/x86_64-unknown-linux-gnu/4.8.5 -L/opt/gcc-4.8.5/lib/gcc/x86_64-unknown-linux-gnu/4.8.5/../../../../lib64 -L/lib/../lib64 -L/usr/lib/../lib64 -L/opt/gcc-4.8.5/lib/gcc/x86_64-unknown-linux-gnu/4.8.5/../../.. CMakeFiles/cmTryCompileExec2773872787.dir/CMakeCCompilerABI.c.o -lgcc --as-needed -lgcc_s --no-as-needed -lc -lgcc --as-needed -lgcc_s --no-as-needed /opt/gcc-4.8.5/lib/gcc/x86_64-unknown-linux-gnu/4.8.5/crtend.o /usr/lib/../lib64/crtn.o
gmake[1]: Leaving directory `/gpfs/home/had/zhangce/1S2SMuSim/SimBeamStop/build/CMakeFiles/CMakeTmp'


Parsed C implicit link information from above output:
  link line regex: [^( *|.*[/\])(ld|([^/\]+-)?ld|collect2)[^/\]*( |$)]
  ignore line: [Change Dir: /home/had/zhangce/stopping/build/CMakeFiles/CMakeTmp]
  ignore line: []
  ignore line: [Run Build Command:/usr/bin/gmake "cmTryCompileExec2773872787/fast"]
  ignore line: [/usr/bin/gmake -f CMakeFiles/cmTryCompileExec2773872787.dir/build.make CMakeFiles/cmTryCompileExec2773872787.dir/build]
  ignore line: [gmake[1]: Entering directory `/gpfs/home/had/zhangce/1S2SMuSim/SimBeamStop/build/CMakeFiles/CMakeTmp']
  ignore line: [/usr/bin/cmake -E cmake_progress_report /home/had/zhangce/stopping/build/CMakeFiles/CMakeTmp/CMakeFiles 1]
  ignore line: [Building C object CMakeFiles/cmTryCompileExec2773872787.dir/CMakeCCompilerABI.c.o]
  ignore line: [/opt/gcc-4.8.5/bin/gcc    -o CMakeFiles/cmTryCompileExec2773872787.dir/CMakeCCompilerABI.c.o   -c /usr/share/cmake/Modules/CMakeCCompilerABI.c]
  ignore line: [Linking C executable cmTryCompileExec2773872787]
  ignore line: [/usr/bin/cmake -E cmake_link_script CMakeFiles/cmTryCompileExec2773872787.dir/link.txt --verbose=1]
  ignore line: [/opt/gcc-4.8.5/bin/gcc     -v CMakeFiles/cmTryCompileExec2773872787.dir/CMakeCCompilerABI.c.o  -o cmTryCompileExec2773872787 -rdynamic  ]
  ignore line: [Using built-in specs.]
  ignore line: [COLLECT_GCC=/opt/gcc-4.8.5/bin/gcc]
  ignore line: [COLLECT_LTO_WRAPPER=/opt/gcc-4.8.5/libexec/gcc/x86_64-unknown-linux-gnu/4.8.5/lto-wrapper]
  ignore line: [Target: x86_64-unknown-linux-gnu]
  ignore line: [Configured with: ../configure --prefix=/opt/gcc-4.8.5 --disable-multilib]
  ignore line: [Thread model: posix]
  ignore line: [gcc version 4.8.5 (GCC) ]
  ignore line: [COMPILER_PATH=/opt/gcc-4.8.5/libexec/gcc/x86_64-unknown-linux-gnu/4.8.5/:/opt/gcc-4.8.5/libexec/gcc/x86_64-unknown-linux-gnu/4.8.5/:/opt/gcc-4.8.5/libexec/gcc/x86_64-unknown-linux-gnu/:/opt/gcc-4.8.5/lib/gcc/x86_64-unknown-linux-gnu/4.8.5/:/opt/gcc-4.8.5/lib/gcc/x86_64-unknown-linux-gnu/]
  ignore line: [LIBRARY_PATH=/opt/gcc-4.8.5/lib/gcc/x86_64-unknown-linux-gnu/4.8.5/:/opt/gcc-4.8.5/lib/gcc/x86_64-unknown-linux-gnu/4.8.5/../../../../lib64/:/lib/../lib64/:/usr/lib/../lib64/:/opt/gcc-4.8.5/lib/gcc/x86_64-unknown-linux-gnu/4.8.5/../../../:/lib/:/usr/lib/]
  ignore line: [COLLECT_GCC_OPTIONS='-v' '-o' 'cmTryCompileExec2773872787' '-rdynamic' '-mtune=generic' '-march=x86-64']
  link line: [ /opt/gcc-4.8.5/libexec/gcc/x86_64-unknown-linux-gnu/4.8.5/collect2 --eh-frame-hdr -m elf_x86_64 -export-dynamic -dynamic-linker /lib64/ld-linux-x86-64.so.2 -o cmTryCompileExec2773872787 /usr/lib/../lib64/crt1.o /usr/lib/../lib64/crti.o /opt/gcc-4.8.5/lib/gcc/x86_64-unknown-linux-gnu/4.8.5/crtbegin.o -L/opt/gcc-4.8.5/lib/gcc/x86_64-unknown-linux-gnu/4.8.5 -L/opt/gcc-4.8.5/lib/gcc/x86_64-unknown-linux-gnu/4.8.5/../../../../lib64 -L/lib/../lib64 -L/usr/lib/../lib64 -L/opt/gcc-4.8.5/lib/gcc/x86_64-unknown-linux-gnu/4.8.5/../../.. CMakeFiles/cmTryCompileExec2773872787.dir/CMakeCCompilerABI.c.o -lgcc --as-needed -lgcc_s --no-as-needed -lc -lgcc --as-needed -lgcc_s --no-as-needed /opt/gcc-4.8.5/lib/gcc/x86_64-unknown-linux-gnu/4.8.5/crtend.o /usr/lib/../lib64/crtn.o]
    arg [/opt/gcc-4.8.5/libexec/gcc/x86_64-unknown-linux-gnu/4.8.5/collect2] ==> ignore
    arg [--eh-frame-hdr] ==> ignore
    arg [-m] ==> ignore
    arg [elf_x86_64] ==> ignore
    arg [-export-dynamic] ==> ignore
    arg [-dynamic-linker] ==> ignore
    arg [/lib64/ld-linux-x86-64.so.2] ==> ignore
    arg [-o] ==> ignore
    arg [cmTryCompileExec2773872787] ==> ignore
    arg [/usr/lib/../lib64/crt1.o] ==> ignore
    arg [/usr/lib/../lib64/crti.o] ==> ignore
    arg [/opt/gcc-4.8.5/lib/gcc/x86_64-unknown-linux-gnu/4.8.5/crtbegin.o] ==> ignore
    arg [-L/opt/gcc-4.8.5/lib/gcc/x86_64-unknown-linux-gnu/4.8.5] ==> dir [/opt/gcc-4.8.5/lib/gcc/x86_64-unknown-linux-gnu/4.8.5]
    arg [-L/opt/gcc-4.8.5/lib/gcc/x86_64-unknown-linux-gnu/4.8.5/../../../../lib64] ==> dir [/opt/gcc-4.8.5/lib/gcc/x86_64-unknown-linux-gnu/4.8.5/../../../../lib64]
    arg [-L/lib/../lib64] ==> dir [/lib/../lib64]
    arg [-L/usr/lib/../lib64] ==> dir [/usr/lib/../lib64]
    arg [-L/opt/gcc-4.8.5/lib/gcc/x86_64-unknown-linux-gnu/4.8.5/../../..] ==> dir [/opt/gcc-4.8.5/lib/gcc/x86_64-unknown-linux-gnu/4.8.5/../../..]
    arg [CMakeFiles/cmTryCompileExec2773872787.dir/CMakeCCompilerABI.c.o] ==> ignore
    arg [-lgcc] ==> lib [gcc]
    arg [--as-needed] ==> ignore
    arg [-lgcc_s] ==> lib [gcc_s]
    arg [--no-as-needed] ==> ignore
    arg [-lc] ==> lib [c]
    arg [-lgcc] ==> lib [gcc]
    arg [--as-needed] ==> ignore
    arg [-lgcc_s] ==> lib [gcc_s]
    arg [--no-as-needed] ==> ignore
    arg [/opt/gcc-4.8.5/lib/gcc/x86_64-unknown-linux-gnu/4.8.5/crtend.o] ==> ignore
    arg [/usr/lib/../lib64/crtn.o] ==> ignore
  remove lib [gcc]
  remove lib [gcc_s]
  remove lib [gcc]
  remove lib [gcc_s]
  collapse library dir [/opt/gcc-4.8.5/lib/gcc/x86_64-unknown-linux-gnu/4.8.5] ==> [/opt/gcc-4.8.5/lib/gcc/x86_64-unknown-linux-gnu/4.8.5]
  collapse library dir [/opt/gcc-4.8.5/lib/gcc/x86_64-unknown-linux-gnu/4.8.5/../../../../lib64] ==> [/opt/gcc-4.8.5/lib64]
  collapse library dir [/lib/../lib64] ==> [/lib64]
  collapse library dir [/usr/lib/../lib64] ==> [/usr/lib64]
  collapse library dir [/opt/gcc-4.8.5/lib/gcc/x86_64-unknown-linux-gnu/4.8.5/../../..] ==> [/opt/gcc-4.8.5/lib]
  implicit libs: [c]
  implicit dirs: [/opt/gcc-4.8.5/lib/gcc/x86_64-unknown-linux-gnu/4.8.5;/opt/gcc-4.8.5/lib64;/lib64;/usr/lib64;/opt/gcc-4.8.5/lib]
  implicit fwks: []


Determining if the CXX compiler works passed with the following output:
Change Dir: /home/had/zhangce/stopping/build/CMakeFiles/CMakeTmp

Run Build Command:/usr/bin/gmake "cmTryCompileExec656379211/fast"
/usr/bin/gmake -f CMakeFiles/cmTryCompileExec656379211.dir/build.make CMakeFiles/cmTryCompileExec656379211.dir/build
gmake[1]: Entering directory `/gpfs/home/had/zhangce/1S2SMuSim/SimBeamStop/build/CMakeFiles/CMakeTmp'
/usr/bin/cmake -E cmake_progress_report /home/had/zhangce/stopping/build/CMakeFiles/CMakeTmp/CMakeFiles 1
Building CXX object CMakeFiles/cmTryCompileExec656379211.dir/testCXXCompiler.cxx.o
/opt/gcc-4.8.5/bin/g++     -o CMakeFiles/cmTryCompileExec656379211.dir/testCXXCompiler.cxx.o -c /home/had/zhangce/stopping/build/CMakeFiles/CMakeTmp/testCXXCompiler.cxx
Linking CXX executable cmTryCompileExec656379211
/usr/bin/cmake -E cmake_link_script CMakeFiles/cmTryCompileExec656379211.dir/link.txt --verbose=1
/opt/gcc-4.8.5/bin/g++        CMakeFiles/cmTryCompileExec656379211.dir/testCXXCompiler.cxx.o  -o cmTryCompileExec656379211 -rdynamic 
gmake[1]: Leaving directory `/gpfs/home/had/zhangce/1S2SMuSim/SimBeamStop/build/CMakeFiles/CMakeTmp'


Detecting CXX compiler ABI info compiled with the following output:
Change Dir: /home/had/zhangce/stopping/build/CMakeFiles/CMakeTmp

Run Build Command:/usr/bin/gmake "cmTryCompileExec1756149345/fast"
/usr/bin/gmake -f CMakeFiles/cmTryCompileExec1756149345.dir/build.make CMakeFiles/cmTryCompileExec1756149345.dir/build
gmake[1]: Entering directory `/gpfs/home/had/zhangce/1S2SMuSim/SimBeamStop/build/CMakeFiles/CMakeTmp'
/usr/bin/cmake -E cmake_progress_report /home/had/zhangce/stopping/build/CMakeFiles/CMakeTmp/CMakeFiles 1
Building CXX object CMakeFiles/cmTryCompileExec1756149345.dir/CMakeCXXCompilerABI.cpp.o
/opt/gcc-4.8.5/bin/g++     -o CMakeFiles/cmTryCompileExec1756149345.dir/CMakeCXXCompilerABI.cpp.o -c /usr/share/cmake/Modules/CMakeCXXCompilerABI.cpp
Linking CXX executable cmTryCompileExec1756149345
/usr/bin/cmake -E cmake_link_script CMakeFiles/cmTryCompileExec1756149345.dir/link.txt --verbose=1
/opt/gcc-4.8.5/bin/g++      -v CMakeFiles/cmTryCompileExec1756149345.dir/CMakeCXXCompilerABI.cpp.o  -o cmTryCompileExec1756149345 -rdynamic  
Using built-in specs.
COLLECT_GCC=/opt/gcc-4.8.5/bin/g++
COLLECT_LTO_WRAPPER=/opt/gcc-4.8.5/libexec/gcc/x86_64-unknown-linux-gnu/4.8.5/lto-wrapper
Target: x86_64-unknown-linux-gnu
Configured with: ../configure --prefix=/opt/gcc-4.8.5 --disable-multilib
Thread model: posix
gcc version 4.8.5 (GCC) 
COMPILER_PATH=/opt/gcc-4.8.5/libexec/gcc/x86_64-unknown-linux-gnu/4.8.5/:/opt/gcc-4.8.5/libexec/gcc/x86_64-unknown-linux-gnu/4.8.5/:/opt/gcc-4.8.5/libexec/gcc/x86_64-unknown-linux-gnu/:/opt/gcc-4.8.5/lib/gcc/x86_64-unknown-linux-gnu/4.8.5/:/opt/gcc-4.8.5/lib/gcc/x86_64-unknown-linux-gnu/
LIBRARY_PATH=/opt/gcc-4.8.5/lib/gcc/x86_64-unknown-linux-gnu/4.8.5/:/opt/gcc-4.8.5/lib/gcc/x86_64-unknown-linux-gnu/4.8.5/../../../../lib64/:/lib/../lib64/:/usr/lib/../lib64/:/opt/gcc-4.8.5/lib/gcc/x86_64-unknown-linux-gnu/4.8.5/../../../:/lib/:/usr/lib/
COLLECT_GCC_OPTIONS='-v' '-o' 'cmTryCompileExec1756149345' '-rdynamic' '-shared-libgcc' '-mtune=generic' '-march=x86-64'
 /opt/gcc-4.8.5/libexec/gcc/x86_64-unknown-linux-gnu/4.8.5/collect2 --eh-frame-hdr -m elf_x86_64 -export-dynamic -dynamic-linker /lib64/ld-linux-x86-64.so.2 -o cmTryCompileExec1756149345 /usr/lib/../lib64/crt1.o /usr/lib/../lib64/crti.o /opt/gcc-4.8.5/lib/gcc/x86_64-unknown-linux-gnu/4.8.5/crtbegin.o -L/opt/gcc-4.8.5/lib/gcc/x86_64-unknown-linux-gnu/4.8.5 -L/opt/gcc-4.8.5/lib/gcc/x86_64-unknown-linux-gnu/4.8.5/../../../../lib64 -L/lib/../lib64 -L/usr/lib/../lib64 -L/opt/gcc-4.8.5/lib/gcc/x86_64-unknown-linux-gnu/4.8.5/../../.. CMakeFiles/cmTryCompileExec1756149345.dir/CMakeCXXCompilerABI.cpp.o -lstdc++ -lm -lgcc_s -lgcc -lc -lgcc_s -lgcc /opt/gcc-4.8.5/lib/gcc/x86_64-unknown-linux-gnu/4.8.5/crtend.o /usr/lib/../lib64/crtn.o
gmake[1]: Leaving directory `/gpfs/home/had/zhangce/1S2SMuSim/SimBeamStop/build/CMakeFiles/CMakeTmp'


Parsed CXX implicit link information from above output:
  link line regex: [^( *|.*[/\])(ld|([^/\]+-)?ld|collect2)[^/\]*( |$)]
  ignore line: [Change Dir: /home/had/zhangce/stopping/build/CMakeFiles/CMakeTmp]
  ignore line: []
  ignore line: [Run Build Command:/usr/bin/gmake "cmTryCompileExec1756149345/fast"]
  ignore line: [/usr/bin/gmake -f CMakeFiles/cmTryCompileExec1756149345.dir/build.make CMakeFiles/cmTryCompileExec1756149345.dir/build]
  ignore line: [gmake[1]: Entering directory `/gpfs/home/had/zhangce/1S2SMuSim/SimBeamStop/build/CMakeFiles/CMakeTmp']
  ignore line: [/usr/bin/cmake -E cmake_progress_report /home/had/zhangce/stopping/build/CMakeFiles/CMakeTmp/CMakeFiles 1]
  ignore line: [Building CXX object CMakeFiles/cmTryCompileExec1756149345.dir/CMakeCXXCompilerABI.cpp.o]
  ignore line: [/opt/gcc-4.8.5/bin/g++     -o CMakeFiles/cmTryCompileExec1756149345.dir/CMakeCXXCompilerABI.cpp.o -c /usr/share/cmake/Modules/CMakeCXXCompilerABI.cpp]
  ignore line: [Linking CXX executable cmTryCompileExec1756149345]
  ignore line: [/usr/bin/cmake -E cmake_link_script CMakeFiles/cmTryCompileExec1756149345.dir/link.txt --verbose=1]
  ignore line: [/opt/gcc-4.8.5/bin/g++      -v CMakeFiles/cmTryCompileExec1756149345.dir/CMakeCXXCompilerABI.cpp.o  -o cmTryCompileExec1756149345 -rdynamic  ]
  ignore line: [Using built-in specs.]
  ignore line: [COLLECT_GCC=/opt/gcc-4.8.5/bin/g++]
  ignore line: [COLLECT_LTO_WRAPPER=/opt/gcc-4.8.5/libexec/gcc/x86_64-unknown-linux-gnu/4.8.5/lto-wrapper]
  ignore line: [Target: x86_64-unknown-linux-gnu]
  ignore line: [Configured with: ../configure --prefix=/opt/gcc-4.8.5 --disable-multilib]
  ignore line: [Thread model: posix]
  ignore line: [gcc version 4.8.5 (GCC) ]
  ignore line: [COMPILER_PATH=/opt/gcc-4.8.5/libexec/gcc/x86_64-unknown-linux-gnu/4.8.5/:/opt/gcc-4.8.5/libexec/gcc/x86_64-unknown-linux-gnu/4.8.5/:/opt/gcc-4.8.5/libexec/gcc/x86_64-unknown-linux-gnu/:/opt/gcc-4.8.5/lib/gcc/x86_64-unknown-linux-gnu/4.8.5/:/opt/gcc-4.8.5/lib/gcc/x86_64-unknown-linux-gnu/]
  ignore line: [LIBRARY_PATH=/opt/gcc-4.8.5/lib/gcc/x86_64-unknown-linux-gnu/4.8.5/:/opt/gcc-4.8.5/lib/gcc/x86_64-unknown-linux-gnu/4.8.5/../../../../lib64/:/lib/../lib64/:/usr/lib/../lib64/:/opt/gcc-4.8.5/lib/gcc/x86_64-unknown-linux-gnu/4.8.5/../../../:/lib/:/usr/lib/]
  ignore line: [COLLECT_GCC_OPTIONS='-v' '-o' 'cmTryCompileExec1756149345' '-rdynamic' '-shared-libgcc' '-mtune=generic' '-march=x86-64']
  link line: [ /opt/gcc-4.8.5/libexec/gcc/x86_64-unknown-linux-gnu/4.8.5/collect2 --eh-frame-hdr -m elf_x86_64 -export-dynamic -dynamic-linker /lib64/ld-linux-x86-64.so.2 -o cmTryCompileExec1756149345 /usr/lib/../lib64/crt1.o /usr/lib/../lib64/crti.o /opt/gcc-4.8.5/lib/gcc/x86_64-unknown-linux-gnu/4.8.5/crtbegin.o -L/opt/gcc-4.8.5/lib/gcc/x86_64-unknown-linux-gnu/4.8.5 -L/opt/gcc-4.8.5/lib/gcc/x86_64-unknown-linux-gnu/4.8.5/../../../../lib64 -L/lib/../lib64 -L/usr/lib/../lib64 -L/opt/gcc-4.8.5/lib/gcc/x86_64-unknown-linux-gnu/4.8.5/../../.. CMakeFiles/cmTryCompileExec1756149345.dir/CMakeCXXCompilerABI.cpp.o -lstdc++ -lm -lgcc_s -lgcc -lc -lgcc_s -lgcc /opt/gcc-4.8.5/lib/gcc/x86_64-unknown-linux-gnu/4.8.5/crtend.o /usr/lib/../lib64/crtn.o]
    arg [/opt/gcc-4.8.5/libexec/gcc/x86_64-unknown-linux-gnu/4.8.5/collect2] ==> ignore
    arg [--eh-frame-hdr] ==> ignore
    arg [-m] ==> ignore
    arg [elf_x86_64] ==> ignore
    arg [-export-dynamic] ==> ignore
    arg [-dynamic-linker] ==> ignore
    arg [/lib64/ld-linux-x86-64.so.2] ==> ignore
    arg [-o] ==> ignore
    arg [cmTryCompileExec1756149345] ==> ignore
    arg [/usr/lib/../lib64/crt1.o] ==> ignore
    arg [/usr/lib/../lib64/crti.o] ==> ignore
    arg [/opt/gcc-4.8.5/lib/gcc/x86_64-unknown-linux-gnu/4.8.5/crtbegin.o] ==> ignore
    arg [-L/opt/gcc-4.8.5/lib/gcc/x86_64-unknown-linux-gnu/4.8.5] ==> dir [/opt/gcc-4.8.5/lib/gcc/x86_64-unknown-linux-gnu/4.8.5]
    arg [-L/opt/gcc-4.8.5/lib/gcc/x86_64-unknown-linux-gnu/4.8.5/../../../../lib64] ==> dir [/opt/gcc-4.8.5/lib/gcc/x86_64-unknown-linux-gnu/4.8.5/../../../../lib64]
    arg [-L/lib/../lib64] ==> dir [/lib/../lib64]
    arg [-L/usr/lib/../lib64] ==> dir [/usr/lib/../lib64]
    arg [-L/opt/gcc-4.8.5/lib/gcc/x86_64-unknown-linux-gnu/4.8.5/../../..] ==> dir [/opt/gcc-4.8.5/lib/gcc/x86_64-unknown-linux-gnu/4.8.5/../../..]
    arg [CMakeFiles/cmTryCompileExec1756149345.dir/CMakeCXXCompilerABI.cpp.o] ==> ignore
    arg [-lstdc++] ==> lib [stdc++]
    arg [-lm] ==> lib [m]
    arg [-lgcc_s] ==> lib [gcc_s]
    arg [-lgcc] ==> lib [gcc]
    arg [-lc] ==> lib [c]
    arg [-lgcc_s] ==> lib [gcc_s]
    arg [-lgcc] ==> lib [gcc]
    arg [/opt/gcc-4.8.5/lib/gcc/x86_64-unknown-linux-gnu/4.8.5/crtend.o] ==> ignore
    arg [/usr/lib/../lib64/crtn.o] ==> ignore
  remove lib [gcc_s]
  remove lib [gcc]
  remove lib [gcc_s]
  remove lib [gcc]
  collapse library dir [/opt/gcc-4.8.5/lib/gcc/x86_64-unknown-linux-gnu/4.8.5] ==> [/opt/gcc-4.8.5/lib/gcc/x86_64-unknown-linux-gnu/4.8.5]
  collapse library dir [/opt/gcc-4.8.5/lib/gcc/x86_64-unknown-linux-gnu/4.8.5/../../../../lib64] ==> [/opt/gcc-4.8.5/lib64]
  collapse library dir [/lib/../lib64] ==> [/lib64]
  collapse library dir [/usr/lib/../lib64] ==> [/usr/lib64]
  collapse library dir [/opt/gcc-4.8.5/lib/gcc/x86_64-unknown-linux-gnu/4.8.5/../../..] ==> [/opt/gcc-4.8.5/lib]
  implicit libs: [stdc++;m;c]
  implicit dirs: [/opt/gcc-4.8.5/lib/gcc/x86_64-unknown-linux-gnu/4.8.5;/opt/gcc-4.8.5/lib64;/lib64;/usr/lib64;/opt/gcc-4.8.5/lib]
  implicit fwks: []


